<?xml version="1.0" encoding="UTF-8"?>
<!-- Generated by org.testng.reporters.JUnitXMLReporter -->
<testsuite ignored="0" hostname="DESKTOP-CJORDV5" failures="0" tests="5" name="Default test" time="58.129" errors="0" timestamp="2023-02-28T20:24:41 EST">
  <testcase classname="tests.LogInTest" name="LogInErrorWithInvalidInputs" time="1.962"/>
  <testcase classname="tests.LogInTest" name="checkRememberMe" time="13.943"/>
  <testcase classname="tests.LogInTest" name="error_logIn" time="2.383"/>
  <testcase classname="tests.LogInTest" name="forgetPasswordTest" time="2.311"/>
  <testcase classname="tests.LogInTest" name="logIn_to_Salesforce" time="4.751"/>
</testsuite> <!-- Default test -->
